2024-04-19 11:10:23.214 [main] INFO  - Application started
2024-04-19 11:10:23.215 [main] INFO  - Start reading properties file: application.properties
2024-04-19 11:10:23.215 [main] INFO  - Current path: /Users/nguyennd/Project/Java/datadiff
2024-04-19 11:10:23.215 [main] INFO  - Properties file read successfully
2024-04-19 11:10:23.218 [main] INFO  - Properties: {destination_type=mysql, source_connection_string=jdbc:oracle:thin:@//10.10.12.21:1521/t24core, destination_password=oracle_4U, source_username=ggadmin, source_type=oracle, destination_connection_string=jdbc:mysql://10.10.12.238:3306, source_password=oracle_4U, destination_username=dbadmin}
2024-04-19 11:10:23.218 [main] INFO  - Found query to get all schema is null from properties file. Using default query: select username as schema_name from sys.all_users order by username
2024-04-19 11:10:24.435 [main] INFO  - Checking file exist: /Users/nguyennd/Project/Java/datadiff/schemas.txt
2024-04-19 11:10:24.436 [main] INFO  - File exist at the path: /Users/nguyennd/Project/Java/datadiff/schemas.txt
2024-04-19 11:10:24.436 [main] INFO  - schemas.txt file already exists, stop query the schema from database
2024-04-19 11:10:24.436 [main] INFO  - Schema: ACCESSCONTROL_PANDP
2024-04-19 11:10:24.436 [main] INFO  - Getting table list from database oracle with schema: ACCESSCONTROL_PANDP
2024-04-19 11:10:26.537 [main] INFO  - Executing query: SELECT table_name FROM all_tables WHERE owner = 'ACCESSCONTROL_PANDP'
2024-04-19 11:10:26.538 [main] INFO  - Get 0 table from ACCESSCONTROL_PANDP schema of database oracle
2024-04-19 11:10:26.538 [main] INFO  - Getting table list from database mysql with schema: ACCESSCONTROL_PANDP
2024-04-19 11:10:27.358 [main] INFO  - Executing query: SELECT table_name FROM information_schema.tables WHERE table_schema = 'ACCESSCONTROL_PANDP'
2024-04-19 11:10:27.359 [main] INFO  - Get 0 table from ACCESSCONTROL_PANDP schema of database mysql
2024-04-19 11:10:27.359 [main] INFO  - Schema: ACTION
2024-04-19 11:10:27.359 [main] INFO  - Getting table list from database oracle with schema: ACTION
2024-04-19 11:10:29.319 [main] INFO  - Executing query: SELECT table_name FROM all_tables WHERE owner = 'ACTION'
2024-04-19 11:10:29.320 [main] INFO  - Get 0 table from ACTION schema of database oracle
2024-04-19 11:10:29.320 [main] INFO  - Getting table list from database mysql with schema: ACTION
2024-04-19 11:10:30.155 [main] INFO  - Executing query: SELECT table_name FROM information_schema.tables WHERE table_schema = 'ACTION'
2024-04-19 11:10:30.155 [main] INFO  - Get 17 table from ACTION schema of database mysql
2024-04-19 11:10:30.155 [main] INFO  - Schema: ANONYMOUS
2024-04-19 11:10:30.155 [main] INFO  - Getting table list from database oracle with schema: ANONYMOUS
2024-04-19 11:10:31.162 [main] INFO  - Executing query: SELECT table_name FROM all_tables WHERE owner = 'ANONYMOUS'
2024-04-19 11:10:31.163 [main] INFO  - Get 0 table from ANONYMOUS schema of database oracle
2024-04-19 11:10:31.163 [main] INFO  - Getting table list from database mysql with schema: ANONYMOUS
2024-04-19 11:10:31.875 [main] INFO  - Executing query: SELECT table_name FROM information_schema.tables WHERE table_schema = 'ANONYMOUS'
2024-04-19 11:10:31.877 [main] INFO  - Get 0 table from ANONYMOUS schema of database mysql
2024-04-19 11:10:31.877 [main] INFO  - Schema: APPQOSSYS
2024-04-19 11:10:31.877 [main] INFO  - Getting table list from database oracle with schema: APPQOSSYS
2024-04-19 11:10:33.177 [main] INFO  - Executing query: SELECT table_name FROM all_tables WHERE owner = 'APPQOSSYS'
2024-04-19 11:10:33.178 [main] INFO  - Get 5 table from APPQOSSYS schema of database oracle
2024-04-19 11:10:33.178 [main] INFO  - Getting table list from database mysql with schema: APPQOSSYS
2024-04-19 11:10:33.858 [main] INFO  - Executing query: SELECT table_name FROM information_schema.tables WHERE table_schema = 'APPQOSSYS'
2024-04-19 11:10:33.858 [main] INFO  - Get 0 table from APPQOSSYS schema of database mysql
2024-04-19 11:10:33.859 [main] INFO  - Schema: APPROVAL_SERVICE
2024-04-19 11:10:33.859 [main] INFO  - Getting table list from database oracle with schema: APPROVAL_SERVICE
2024-04-19 11:10:34.901 [main] INFO  - Executing query: SELECT table_name FROM all_tables WHERE owner = 'APPROVAL_SERVICE'
2024-04-19 11:10:34.996 [main] INFO  - Get 13 table from APPROVAL_SERVICE schema of database oracle
2024-04-19 11:10:34.996 [main] INFO  - Getting table list from database mysql with schema: APPROVAL_SERVICE
2024-04-19 11:10:36.036 [main] INFO  - Executing query: SELECT table_name FROM information_schema.tables WHERE table_schema = 'APPROVAL_SERVICE'
2024-04-19 11:10:36.037 [main] INFO  - Get 14 table from APPROVAL_SERVICE schema of database mysql
2024-04-19 11:10:36.037 [main] INFO  - Schema: ARRANGEMENT_MANAGER
2024-04-19 11:10:36.037 [main] INFO  - Getting table list from database oracle with schema: ARRANGEMENT_MANAGER
2024-04-19 11:10:37.042 [main] INFO  - Executing query: SELECT table_name FROM all_tables WHERE owner = 'ARRANGEMENT_MANAGER'
2024-04-19 11:10:37.234 [main] INFO  - Get 23 table from ARRANGEMENT_MANAGER schema of database oracle
2024-04-19 11:10:37.235 [main] INFO  - Getting table list from database mysql with schema: ARRANGEMENT_MANAGER
2024-04-19 11:10:37.955 [main] INFO  - Executing query: SELECT table_name FROM information_schema.tables WHERE table_schema = 'ARRANGEMENT_MANAGER'
2024-04-19 11:10:37.956 [main] INFO  - Get 0 table from ARRANGEMENT_MANAGER schema of database mysql
2024-04-19 11:10:37.957 [main] INFO  - Schema: AUDIT_PERSISTENCE
2024-04-19 11:10:37.957 [main] INFO  - Getting table list from database oracle with schema: AUDIT_PERSISTENCE
2024-04-19 11:10:39.018 [main] INFO  - Executing query: SELECT table_name FROM all_tables WHERE owner = 'AUDIT_PERSISTENCE'
2024-04-19 11:10:39.019 [main] INFO  - Get 7 table from AUDIT_PERSISTENCE schema of database oracle
2024-04-19 11:10:39.020 [main] INFO  - Getting table list from database mysql with schema: AUDIT_PERSISTENCE
2024-04-19 11:10:39.756 [main] INFO  - Executing query: SELECT table_name FROM information_schema.tables WHERE table_schema = 'AUDIT_PERSISTENCE'
2024-04-19 11:10:39.756 [main] INFO  - Get 5 table from AUDIT_PERSISTENCE schema of database mysql
2024-04-19 11:10:39.757 [main] INFO  - Schema: AUDSYS
2024-04-19 11:10:39.757 [main] INFO  - Getting table list from database oracle with schema: AUDSYS
2024-04-19 11:10:40.979 [main] INFO  - Executing query: SELECT table_name FROM all_tables WHERE owner = 'AUDSYS'
2024-04-19 11:10:40.980 [main] INFO  - Get 1 table from AUDSYS schema of database oracle
2024-04-19 11:10:40.980 [main] INFO  - Getting table list from database mysql with schema: AUDSYS
2024-04-19 11:10:41.795 [main] INFO  - Executing query: SELECT table_name FROM information_schema.tables WHERE table_schema = 'AUDSYS'
2024-04-19 11:10:41.796 [main] INFO  - Get 0 table from AUDSYS schema of database mysql
2024-04-19 11:10:41.796 [main] INFO  - Schema: BACKBASE_IDENTITY
2024-04-19 11:10:41.796 [main] INFO  - Getting table list from database oracle with schema: BACKBASE_IDENTITY
2024-04-19 11:10:42.874 [main] INFO  - Executing query: SELECT table_name FROM all_tables WHERE owner = 'BACKBASE_IDENTITY'
2024-04-19 11:10:43.713 [main] INFO  - Get 105 table from BACKBASE_IDENTITY schema of database oracle
2024-04-19 11:10:43.713 [main] INFO  - Getting table list from database mysql with schema: BACKBASE_IDENTITY
2024-04-19 11:10:44.475 [main] INFO  - Executing query: SELECT table_name FROM information_schema.tables WHERE table_schema = 'BACKBASE_IDENTITY'
2024-04-19 11:10:44.476 [main] INFO  - Get 0 table from BACKBASE_IDENTITY schema of database mysql
2024-04-19 11:10:44.476 [main] INFO  - Schema: CARDLESS_WITHDRAWAL
2024-04-19 11:10:44.476 [main] INFO  - Getting table list from database oracle with schema: CARDLESS_WITHDRAWAL
2024-04-19 11:10:45.355 [main] INFO  - Executing query: SELECT table_name FROM all_tables WHERE owner = 'CARDLESS_WITHDRAWAL'
2024-04-19 11:10:45.355 [main] INFO  - Get 3 table from CARDLESS_WITHDRAWAL schema of database oracle
2024-04-19 11:10:45.355 [main] INFO  - Getting table list from database mysql with schema: CARDLESS_WITHDRAWAL
2024-04-19 11:10:46.075 [main] INFO  - Executing query: SELECT table_name FROM information_schema.tables WHERE table_schema = 'CARDLESS_WITHDRAWAL'
2024-04-19 11:10:46.075 [main] INFO  - Get 0 table from CARDLESS_WITHDRAWAL schema of database mysql
2024-04-19 11:10:46.076 [main] INFO  - Schema: CATEGORIZE_TXN
2024-04-19 11:10:46.076 [main] INFO  - Getting table list from database oracle with schema: CATEGORIZE_TXN
2024-04-19 11:10:47.074 [main] INFO  - Executing query: SELECT table_name FROM all_tables WHERE owner = 'CATEGORIZE_TXN'
2024-04-19 11:10:47.075 [main] INFO  - Get 3 table from CATEGORIZE_TXN schema of database oracle
2024-04-19 11:10:47.075 [main] INFO  - Getting table list from database mysql with schema: CATEGORIZE_TXN
2024-04-19 11:10:47.794 [main] INFO  - Executing query: SELECT table_name FROM information_schema.tables WHERE table_schema = 'CATEGORIZE_TXN'
2024-04-19 11:10:47.794 [main] INFO  - Get 5 table from CATEGORIZE_TXN schema of database mysql
2024-04-19 11:10:47.794 [main] INFO  - Schema: CONFIRMATION
2024-04-19 11:10:47.794 [main] INFO  - Getting table list from database oracle with schema: CONFIRMATION
2024-04-19 11:10:48.817 [main] INFO  - Executing query: SELECT table_name FROM all_tables WHERE owner = 'CONFIRMATION'
2024-04-19 11:10:48.818 [main] INFO  - Get 3 table from CONFIRMATION schema of database oracle
2024-04-19 11:10:48.818 [main] INFO  - Getting table list from database mysql with schema: CONFIRMATION
2024-04-19 11:10:49.594 [main] INFO  - Executing query: SELECT table_name FROM information_schema.tables WHERE table_schema = 'CONFIRMATION'
2024-04-19 11:10:49.595 [main] INFO  - Get 0 table from CONFIRMATION schema of database mysql
2024-04-19 11:10:49.595 [main] INFO  - Schema: CONTACT_MANAGER
2024-04-19 11:10:49.595 [main] INFO  - Getting table list from database oracle with schema: CONTACT_MANAGER
2024-04-19 11:10:50.537 [main] INFO  - Executing query: SELECT table_name FROM all_tables WHERE owner = 'CONTACT_MANAGER'
2024-04-19 11:10:50.537 [main] INFO  - Get 8 table from CONTACT_MANAGER schema of database oracle
2024-04-19 11:10:50.537 [main] INFO  - Getting table list from database mysql with schema: CONTACT_MANAGER
2024-04-19 11:10:51.315 [main] INFO  - Executing query: SELECT table_name FROM information_schema.tables WHERE table_schema = 'CONTACT_MANAGER'
2024-04-19 11:10:51.316 [main] INFO  - Get 1 table from CONTACT_MANAGER schema of database mysql
2024-04-19 11:10:51.316 [main] INFO  - Schema: CTXSYS
2024-04-19 11:10:51.316 [main] INFO  - Getting table list from database oracle with schema: CTXSYS
2024-04-19 11:10:53.154 [main] INFO  - Executing query: SELECT table_name FROM all_tables WHERE owner = 'CTXSYS'
2024-04-19 11:10:53.535 [main] INFO  - Get 53 table from CTXSYS schema of database oracle
2024-04-19 11:10:53.536 [main] INFO  - Getting table list from database mysql with schema: CTXSYS
2024-04-19 11:10:54.232 [main] INFO  - Executing query: SELECT table_name FROM information_schema.tables WHERE table_schema = 'CTXSYS'
2024-04-19 11:10:54.233 [main] INFO  - Get 0 table from CTXSYS schema of database mysql
2024-04-19 11:10:54.233 [main] INFO  - Schema: CUSTOMER_ENROLL_MANAGER
2024-04-19 11:10:54.233 [main] INFO  - Getting table list from database oracle with schema: CUSTOMER_ENROLL_MANAGER
2024-04-19 11:10:55.155 [main] INFO  - Executing query: SELECT table_name FROM all_tables WHERE owner = 'CUSTOMER_ENROLL_MANAGER'
2024-04-19 11:10:55.234 [main] INFO  - Get 15 table from CUSTOMER_ENROLL_MANAGER schema of database oracle
2024-04-19 11:10:55.235 [main] INFO  - Getting table list from database mysql with schema: CUSTOMER_ENROLL_MANAGER
2024-04-19 11:10:55.916 [main] INFO  - Executing query: SELECT table_name FROM information_schema.tables WHERE table_schema = 'CUSTOMER_ENROLL_MANAGER'
2024-04-19 11:10:55.917 [main] INFO  - Get 0 table from CUSTOMER_ENROLL_MANAGER schema of database mysql
2024-04-19 11:10:55.917 [main] INFO  - Schema: CX6_AUDITING
2024-04-19 11:10:55.917 [main] INFO  - Getting table list from database oracle with schema: CX6_AUDITING
2024-04-19 11:10:56.796 [main] INFO  - Executing query: SELECT table_name FROM all_tables WHERE owner = 'CX6_AUDITING'
2024-04-19 11:10:56.796 [main] INFO  - Get 0 table from CX6_AUDITING schema of database oracle
2024-04-19 11:10:56.796 [main] INFO  - Getting table list from database mysql with schema: CX6_AUDITING
2024-04-19 11:10:57.555 [main] INFO  - Executing query: SELECT table_name FROM information_schema.tables WHERE table_schema = 'CX6_AUDITING'
2024-04-19 11:10:57.556 [main] INFO  - Get 3 table from CX6_AUDITING schema of database mysql
2024-04-19 11:10:57.556 [main] INFO  - Schema: CX6_CONTENTSERVICES
2024-04-19 11:10:57.556 [main] INFO  - Getting table list from database oracle with schema: CX6_CONTENTSERVICES
2024-04-19 11:10:58.438 [main] INFO  - Executing query: SELECT table_name FROM all_tables WHERE owner = 'CX6_CONTENTSERVICES'
2024-04-19 11:10:58.438 [main] INFO  - Get 9 table from CX6_CONTENTSERVICES schema of database oracle
2024-04-19 11:10:58.438 [main] INFO  - Getting table list from database mysql with schema: CX6_CONTENTSERVICES
2024-04-19 11:10:59.154 [main] INFO  - Executing query: SELECT table_name FROM information_schema.tables WHERE table_schema = 'CX6_CONTENTSERVICES'
2024-04-19 11:10:59.155 [main] INFO  - Get 0 table from CX6_CONTENTSERVICES schema of database mysql
2024-04-19 11:10:59.155 [main] INFO  - Schema: CX6_PORTAL
2024-04-19 11:10:59.156 [main] INFO  - Getting table list from database oracle with schema: CX6_PORTAL
2024-04-19 11:11:00.178 [main] INFO  - Executing query: SELECT table_name FROM all_tables WHERE owner = 'CX6_PORTAL'
2024-04-19 11:11:00.274 [main] INFO  - Get 15 table from CX6_PORTAL schema of database oracle
2024-04-19 11:11:00.274 [main] INFO  - Getting table list from database mysql with schema: CX6_PORTAL
2024-04-19 11:11:00.998 [main] INFO  - Executing query: SELECT table_name FROM information_schema.tables WHERE table_schema = 'CX6_PORTAL'
2024-04-19 11:11:00.999 [main] INFO  - Get 0 table from CX6_PORTAL schema of database mysql
2024-04-19 11:11:01.000 [main] INFO  - Schema: CX6_PROVISIONING
2024-04-19 11:11:01.000 [main] INFO  - Getting table list from database oracle with schema: CX6_PROVISIONING
2024-04-19 11:11:02.018 [main] INFO  - Executing query: SELECT table_name FROM all_tables WHERE owner = 'CX6_PROVISIONING'
2024-04-19 11:11:02.114 [main] INFO  - Get 10 table from CX6_PROVISIONING schema of database oracle
2024-04-19 11:11:02.115 [main] INFO  - Getting table list from database mysql with schema: CX6_PROVISIONING
2024-04-19 11:11:02.875 [main] INFO  - Executing query: SELECT table_name FROM information_schema.tables WHERE table_schema = 'CX6_PROVISIONING'
2024-04-19 11:11:02.876 [main] INFO  - Get 10 table from CX6_PROVISIONING schema of database mysql
2024-04-19 11:11:02.876 [main] INFO  - Schema: CX6_PUSH_INTEGRATION
2024-04-19 11:11:02.876 [main] INFO  - Getting table list from database oracle with schema: CX6_PUSH_INTEGRATION
2024-04-19 11:11:03.817 [main] INFO  - Executing query: SELECT table_name FROM all_tables WHERE owner = 'CX6_PUSH_INTEGRATION'
2024-04-19 11:11:03.817 [main] INFO  - Get 0 table from CX6_PUSH_INTEGRATION schema of database oracle
2024-04-19 11:11:03.818 [main] INFO  - Getting table list from database mysql with schema: CX6_PUSH_INTEGRATION
2024-04-19 11:11:04.549 [main] INFO  - Executing query: SELECT table_name FROM information_schema.tables WHERE table_schema = 'CX6_PUSH_INTEGRATION'
2024-04-19 11:11:04.551 [main] INFO  - Get 3 table from CX6_PUSH_INTEGRATION schema of database mysql
2024-04-19 11:11:04.551 [main] INFO  - Schema: DATAARC
2024-04-19 11:11:04.552 [main] INFO  - Getting table list from database oracle with schema: DATAARC
2024-04-19 11:11:05.833 [main] INFO  - Executing query: SELECT table_name FROM all_tables WHERE owner = 'DATAARC'
2024-04-19 11:11:05.834 [main] INFO  - Get 0 table from DATAARC schema of database oracle
2024-04-19 11:11:05.834 [main] INFO  - Getting table list from database mysql with schema: DATAARC
2024-04-19 11:11:06.553 [main] INFO  - Executing query: SELECT table_name FROM information_schema.tables WHERE table_schema = 'DATAARC'
2024-04-19 11:11:06.554 [main] INFO  - Get 0 table from DATAARC schema of database mysql
2024-04-19 11:11:06.554 [main] INFO  - Schema: DBSFWUSER
2024-04-19 11:11:06.554 [main] INFO  - Getting table list from database oracle with schema: DBSFWUSER
2024-04-19 11:11:07.538 [main] INFO  - Executing query: SELECT table_name FROM all_tables WHERE owner = 'DBSFWUSER'
2024-04-19 11:11:07.539 [main] INFO  - Get 3 table from DBSFWUSER schema of database oracle
2024-04-19 11:11:07.539 [main] INFO  - Getting table list from database mysql with schema: DBSFWUSER
2024-04-19 11:11:08.273 [main] INFO  - Executing query: SELECT table_name FROM information_schema.tables WHERE table_schema = 'DBSFWUSER'
2024-04-19 11:11:08.273 [main] INFO  - Get 0 table from DBSFWUSER schema of database mysql
2024-04-19 11:11:08.273 [main] INFO  - Schema: DBSNMP
2024-04-19 11:11:08.274 [main] INFO  - Getting table list from database oracle with schema: DBSNMP
2024-04-19 11:11:09.258 [main] INFO  - Executing query: SELECT table_name FROM all_tables WHERE owner = 'DBSNMP'
2024-04-19 11:11:09.428 [main] INFO  - Get 20 table from DBSNMP schema of database oracle
2024-04-19 11:11:09.429 [main] INFO  - Getting table list from database mysql with schema: DBSNMP
2024-04-19 11:11:10.154 [main] INFO  - Executing query: SELECT table_name FROM information_schema.tables WHERE table_schema = 'DBSNMP'
2024-04-19 11:11:10.155 [main] INFO  - Get 0 table from DBSNMP schema of database mysql
2024-04-19 11:11:10.155 [main] INFO  - Schema: DEVICE_MANAGEMENT
2024-04-19 11:11:10.155 [main] INFO  - Getting table list from database oracle with schema: DEVICE_MANAGEMENT
2024-04-19 11:11:11.488 [main] INFO  - Executing query: SELECT table_name FROM all_tables WHERE owner = 'DEVICE_MANAGEMENT'
2024-04-19 11:11:11.489 [main] INFO  - Get 5 table from DEVICE_MANAGEMENT schema of database oracle
2024-04-19 11:11:11.489 [main] INFO  - Getting table list from database mysql with schema: DEVICE_MANAGEMENT
2024-04-19 11:11:12.235 [main] INFO  - Executing query: SELECT table_name FROM information_schema.tables WHERE table_schema = 'DEVICE_MANAGEMENT'
2024-04-19 11:11:12.236 [main] INFO  - Get 0 table from DEVICE_MANAGEMENT schema of database mysql
2024-04-19 11:11:12.236 [main] INFO  - Schema: DEVICE_MANAGEMENT_ADDITIONAL_DATA
2024-04-19 11:11:12.236 [main] INFO  - Getting table list from database oracle with schema: DEVICE_MANAGEMENT_ADDITIONAL_DATA
2024-04-19 11:11:13.233 [main] INFO  - Executing query: SELECT table_name FROM all_tables WHERE owner = 'DEVICE_MANAGEMENT_ADDITIONAL_DATA'
2024-04-19 11:11:13.234 [main] INFO  - Get 3 table from DEVICE_MANAGEMENT_ADDITIONAL_DATA schema of database oracle
2024-04-19 11:11:13.234 [main] INFO  - Getting table list from database mysql with schema: DEVICE_MANAGEMENT_ADDITIONAL_DATA
2024-04-19 11:11:13.909 [main] INFO  - Executing query: SELECT table_name FROM information_schema.tables WHERE table_schema = 'DEVICE_MANAGEMENT_ADDITIONAL_DATA'
2024-04-19 11:11:13.911 [main] INFO  - Get 4 table from DEVICE_MANAGEMENT_ADDITIONAL_DATA schema of database mysql
2024-04-19 11:11:13.911 [main] INFO  - Schema: DIP
2024-04-19 11:11:13.911 [main] INFO  - Getting table list from database oracle with schema: DIP
2024-04-19 11:11:14.879 [main] INFO  - Executing query: SELECT table_name FROM all_tables WHERE owner = 'DIP'
2024-04-19 11:11:14.880 [main] INFO  - Get 0 table from DIP schema of database oracle
2024-04-19 11:11:14.880 [main] INFO  - Getting table list from database mysql with schema: DIP
2024-04-19 11:11:15.635 [main] INFO  - Executing query: SELECT table_name FROM information_schema.tables WHERE table_schema = 'DIP'
2024-04-19 11:11:15.636 [main] INFO  - Get 0 table from DIP schema of database mysql
2024-04-19 11:11:15.636 [main] INFO  - Schema: DVF
2024-04-19 11:11:15.636 [main] INFO  - Getting table list from database oracle with schema: DVF
2024-04-19 11:11:17.642 [main] INFO  - Executing query: SELECT table_name FROM all_tables WHERE owner = 'DVF'
2024-04-19 11:11:17.643 [main] INFO  - Get 0 table from DVF schema of database oracle
2024-04-19 11:11:17.644 [main] INFO  - Getting table list from database mysql with schema: DVF
2024-04-19 11:11:18.736 [main] INFO  - Executing query: SELECT table_name FROM information_schema.tables WHERE table_schema = 'DVF'
2024-04-19 11:11:18.737 [main] INFO  - Get 0 table from DVF schema of database mysql
2024-04-19 11:11:18.737 [main] INFO  - Schema: DVSYS
2024-04-19 11:11:18.737 [main] INFO  - Getting table list from database oracle with schema: DVSYS
2024-04-19 11:11:20.488 [main] INFO  - Executing query: SELECT table_name FROM all_tables WHERE owner = 'DVSYS'
2024-04-19 11:11:20.788 [main] INFO  - Get 44 table from DVSYS schema of database oracle
2024-04-19 11:11:20.788 [main] INFO  - Getting table list from database mysql with schema: DVSYS
2024-04-19 11:11:21.514 [main] INFO  - Executing query: SELECT table_name FROM information_schema.tables WHERE table_schema = 'DVSYS'
2024-04-19 11:11:21.515 [main] INFO  - Get 0 table from DVSYS schema of database mysql
2024-04-19 11:11:21.515 [main] INFO  - Schema: EMPLOYEE_MANAGEMENT
2024-04-19 11:11:21.515 [main] INFO  - Getting table list from database oracle with schema: EMPLOYEE_MANAGEMENT
2024-04-19 11:11:22.498 [main] INFO  - Executing query: SELECT table_name FROM all_tables WHERE owner = 'EMPLOYEE_MANAGEMENT'
2024-04-19 11:11:22.499 [main] INFO  - Get 3 table from EMPLOYEE_MANAGEMENT schema of database oracle
2024-04-19 11:11:22.499 [main] INFO  - Getting table list from database mysql with schema: EMPLOYEE_MANAGEMENT
2024-04-19 11:11:23.197 [main] INFO  - Executing query: SELECT table_name FROM information_schema.tables WHERE table_schema = 'EMPLOYEE_MANAGEMENT'
2024-04-19 11:11:23.198 [main] INFO  - Get 5 table from EMPLOYEE_MANAGEMENT schema of database mysql
2024-04-19 11:11:23.198 [main] INFO  - Schema: FIDO
2024-04-19 11:11:23.198 [main] INFO  - Getting table list from database oracle with schema: FIDO
2024-04-19 11:11:24.173 [main] INFO  - Executing query: SELECT table_name FROM all_tables WHERE owner = 'FIDO'
2024-04-19 11:11:24.174 [main] INFO  - Get 8 table from FIDO schema of database oracle
2024-04-19 11:11:24.174 [main] INFO  - Getting table list from database mysql with schema: FIDO
2024-04-19 11:11:24.949 [main] INFO  - Executing query: SELECT table_name FROM information_schema.tables WHERE table_schema = 'FIDO'
2024-04-19 11:11:24.949 [main] INFO  - Get 0 table from FIDO schema of database mysql
2024-04-19 11:11:24.950 [main] INFO  - Schema: GGADMIN
2024-04-19 11:11:24.950 [main] INFO  - Getting table list from database oracle with schema: GGADMIN
2024-04-19 11:11:25.977 [main] INFO  - Executing query: SELECT table_name FROM all_tables WHERE owner = 'GGADMIN'
2024-04-19 11:11:26.162 [main] INFO  - Get 26 table from GGADMIN schema of database oracle
2024-04-19 11:11:26.163 [main] INFO  - Getting table list from database mysql with schema: GGADMIN
2024-04-19 11:11:26.878 [main] INFO  - Executing query: SELECT table_name FROM information_schema.tables WHERE table_schema = 'GGADMIN'
2024-04-19 11:11:26.879 [main] INFO  - Get 1 table from GGADMIN schema of database mysql
2024-04-19 11:11:26.879 [main] INFO  - Schema: GGSYS
2024-04-19 11:11:26.879 [main] INFO  - Getting table list from database oracle with schema: GGSYS
2024-04-19 11:11:27.858 [main] INFO  - Executing query: SELECT table_name FROM all_tables WHERE owner = 'GGSYS'
2024-04-19 11:11:27.859 [main] INFO  - Get 0 table from GGSYS schema of database oracle
2024-04-19 11:11:27.859 [main] INFO  - Getting table list from database mysql with schema: GGSYS
2024-04-19 11:11:28.637 [main] INFO  - Executing query: SELECT table_name FROM information_schema.tables WHERE table_schema = 'GGSYS'
2024-04-19 11:11:28.637 [main] INFO  - Get 0 table from GGSYS schema of database mysql
2024-04-19 11:11:28.638 [main] INFO  - Schema: GSMADMIN_INTERNAL
2024-04-19 11:11:28.638 [main] INFO  - Getting table list from database oracle with schema: GSMADMIN_INTERNAL
2024-04-19 11:11:30.541 [main] INFO  - Executing query: SELECT table_name FROM all_tables WHERE owner = 'GSMADMIN_INTERNAL'
2024-04-19 11:11:30.916 [main] INFO  - Get 40 table from GSMADMIN_INTERNAL schema of database oracle
2024-04-19 11:11:30.917 [main] INFO  - Getting table list from database mysql with schema: GSMADMIN_INTERNAL
2024-04-19 11:11:31.648 [main] INFO  - Executing query: SELECT table_name FROM information_schema.tables WHERE table_schema = 'GSMADMIN_INTERNAL'
2024-04-19 11:11:31.649 [main] INFO  - Get 0 table from GSMADMIN_INTERNAL schema of database mysql
2024-04-19 11:11:31.649 [main] INFO  - Schema: GSMCATUSER
2024-04-19 11:11:31.649 [main] INFO  - Getting table list from database oracle with schema: GSMCATUSER
2024-04-19 11:11:32.548 [main] INFO  - Executing query: SELECT table_name FROM all_tables WHERE owner = 'GSMCATUSER'
2024-04-19 11:11:32.548 [main] INFO  - Get 0 table from GSMCATUSER schema of database oracle
2024-04-19 11:11:32.549 [main] INFO  - Getting table list from database mysql with schema: GSMCATUSER
2024-04-19 11:11:33.275 [main] INFO  - Executing query: SELECT table_name FROM information_schema.tables WHERE table_schema = 'GSMCATUSER'
2024-04-19 11:11:33.276 [main] INFO  - Get 0 table from GSMCATUSER schema of database mysql
2024-04-19 11:11:33.276 [main] INFO  - Schema: GSMROOTUSER
2024-04-19 11:11:33.276 [main] INFO  - Getting table list from database oracle with schema: GSMROOTUSER
2024-04-19 11:11:34.434 [main] INFO  - Executing query: SELECT table_name FROM all_tables WHERE owner = 'GSMROOTUSER'
2024-04-19 11:11:34.436 [main] INFO  - Get 0 table from GSMROOTUSER schema of database oracle
2024-04-19 11:11:34.436 [main] INFO  - Getting table list from database mysql with schema: GSMROOTUSER
2024-04-19 11:11:35.153 [main] INFO  - Executing query: SELECT table_name FROM information_schema.tables WHERE table_schema = 'GSMROOTUSER'
2024-04-19 11:11:35.154 [main] INFO  - Get 0 table from GSMROOTUSER schema of database mysql
2024-04-19 11:11:35.154 [main] INFO  - Schema: GSMUSER
2024-04-19 11:11:35.154 [main] INFO  - Getting table list from database oracle with schema: GSMUSER
2024-04-19 11:11:36.136 [main] INFO  - Executing query: SELECT table_name FROM all_tables WHERE owner = 'GSMUSER'
2024-04-19 11:11:36.137 [main] INFO  - Get 0 table from GSMUSER schema of database oracle
2024-04-19 11:11:36.137 [main] INFO  - Getting table list from database mysql with schema: GSMUSER
2024-04-19 11:11:36.935 [main] INFO  - Executing query: SELECT table_name FROM information_schema.tables WHERE table_schema = 'GSMUSER'
2024-04-19 11:11:36.937 [main] INFO  - Get 0 table from GSMUSER schema of database mysql
2024-04-19 11:11:36.937 [main] INFO  - Schema: KAFKA
2024-04-19 11:11:36.938 [main] INFO  - Getting table list from database oracle with schema: KAFKA
2024-04-19 11:11:37.878 [main] INFO  - Executing query: SELECT table_name FROM all_tables WHERE owner = 'KAFKA'
2024-04-19 11:11:37.879 [main] INFO  - Get 6 table from KAFKA schema of database oracle
2024-04-19 11:11:37.879 [main] INFO  - Getting table list from database mysql with schema: KAFKA
2024-04-19 11:11:38.672 [main] INFO  - Executing query: SELECT table_name FROM information_schema.tables WHERE table_schema = 'KAFKA'
2024-04-19 11:11:38.673 [main] INFO  - Get 0 table from KAFKA schema of database mysql
2024-04-19 11:11:38.673 [main] INFO  - Schema: LBACSYS
2024-04-19 11:11:38.673 [main] INFO  - Getting table list from database oracle with schema: LBACSYS
2024-04-19 11:11:40.372 [main] INFO  - Executing query: SELECT table_name FROM all_tables WHERE owner = 'LBACSYS'
2024-04-19 11:11:40.516 [main] INFO  - Get 22 table from LBACSYS schema of database oracle
2024-04-19 11:11:40.517 [main] INFO  - Getting table list from database mysql with schema: LBACSYS
2024-04-19 11:11:41.274 [main] INFO  - Executing query: SELECT table_name FROM information_schema.tables WHERE table_schema = 'LBACSYS'
2024-04-19 11:11:41.274 [main] INFO  - Get 0 table from LBACSYS schema of database mysql
2024-04-19 11:11:41.274 [main] INFO  - Schema: LIMITS
2024-04-19 11:11:41.274 [main] INFO  - Getting table list from database oracle with schema: LIMITS
2024-04-19 11:11:42.279 [main] INFO  - Executing query: SELECT table_name FROM all_tables WHERE owner = 'LIMITS'
2024-04-19 11:11:42.354 [main] INFO  - Get 19 table from LIMITS schema of database oracle
2024-04-19 11:11:42.354 [main] INFO  - Getting table list from database mysql with schema: LIMITS
2024-04-19 11:11:43.157 [main] INFO  - Executing query: SELECT table_name FROM information_schema.tables WHERE table_schema = 'LIMITS'
2024-04-19 11:11:43.158 [main] INFO  - Get 0 table from LIMITS schema of database mysql
2024-04-19 11:11:43.158 [main] INFO  - Schema: LUCKY_ACCOUNT
2024-04-19 11:11:43.158 [main] INFO  - Getting table list from database oracle with schema: LUCKY_ACCOUNT
2024-04-19 11:11:44.217 [main] INFO  - Executing query: SELECT table_name FROM all_tables WHERE owner = 'LUCKY_ACCOUNT'
2024-04-19 11:11:44.218 [main] INFO  - Get 4 table from LUCKY_ACCOUNT schema of database oracle
2024-04-19 11:11:44.218 [main] INFO  - Getting table list from database mysql with schema: LUCKY_ACCOUNT
2024-04-19 11:11:45.028 [main] INFO  - Executing query: SELECT table_name FROM information_schema.tables WHERE table_schema = 'LUCKY_ACCOUNT'
2024-04-19 11:11:45.029 [main] INFO  - Get 9 table from LUCKY_ACCOUNT schema of database mysql
2024-04-19 11:11:45.029 [main] INFO  - Schema: MDDATA
2024-04-19 11:11:45.029 [main] INFO  - Getting table list from database oracle with schema: MDDATA
2024-04-19 11:11:46.056 [main] INFO  - Executing query: SELECT table_name FROM all_tables WHERE owner = 'MDDATA'
2024-04-19 11:11:46.056 [main] INFO  - Get 0 table from MDDATA schema of database oracle
2024-04-19 11:11:46.056 [main] INFO  - Getting table list from database mysql with schema: MDDATA
2024-04-19 11:11:46.740 [main] INFO  - Executing query: SELECT table_name FROM information_schema.tables WHERE table_schema = 'MDDATA'
2024-04-19 11:11:46.740 [main] INFO  - Get 0 table from MDDATA schema of database mysql
2024-04-19 11:11:46.741 [main] INFO  - Schema: MDSYS
2024-04-19 11:11:46.741 [main] INFO  - Getting table list from database oracle with schema: MDSYS
2024-04-19 11:11:48.462 [main] INFO  - Executing query: SELECT table_name FROM all_tables WHERE owner = 'MDSYS'
2024-04-19 11:11:49.552 [main] INFO  - Get 148 table from MDSYS schema of database oracle
2024-04-19 11:11:49.553 [main] INFO  - Getting table list from database mysql with schema: MDSYS
2024-04-19 11:11:50.475 [main] INFO  - Executing query: SELECT table_name FROM information_schema.tables WHERE table_schema = 'MDSYS'
2024-04-19 11:11:50.475 [main] INFO  - Get 0 table from MDSYS schema of database mysql
2024-04-19 11:11:50.476 [main] INFO  - Schema: MIGRATION_MANAGER
2024-04-19 11:11:50.476 [main] INFO  - Getting table list from database oracle with schema: MIGRATION_MANAGER
2024-04-19 11:11:51.472 [main] INFO  - Executing query: SELECT table_name FROM all_tables WHERE owner = 'MIGRATION_MANAGER'
2024-04-19 11:11:51.472 [main] INFO  - Get 0 table from MIGRATION_MANAGER schema of database oracle
2024-04-19 11:11:51.472 [main] INFO  - Getting table list from database mysql with schema: MIGRATION_MANAGER
2024-04-19 11:11:52.158 [main] INFO  - Executing query: SELECT table_name FROM information_schema.tables WHERE table_schema = 'MIGRATION_MANAGER'
2024-04-19 11:11:52.159 [main] INFO  - Get 0 table from MIGRATION_MANAGER schema of database mysql
2024-04-19 11:11:52.159 [main] INFO  - Schema: NOTIFICATIONS
2024-04-19 11:11:52.159 [main] INFO  - Getting table list from database oracle with schema: NOTIFICATIONS
2024-04-19 11:11:53.096 [main] INFO  - Executing query: SELECT table_name FROM all_tables WHERE owner = 'NOTIFICATIONS'
2024-04-19 11:11:53.096 [main] INFO  - Get 0 table from NOTIFICATIONS schema of database oracle
2024-04-19 11:11:53.096 [main] INFO  - Getting table list from database mysql with schema: NOTIFICATIONS
2024-04-19 11:11:54.103 [main] INFO  - Executing query: SELECT table_name FROM information_schema.tables WHERE table_schema = 'NOTIFICATIONS'
2024-04-19 11:11:54.104 [main] INFO  - Get 0 table from NOTIFICATIONS schema of database mysql
2024-04-19 11:11:54.104 [main] INFO  - Schema: NUDGE_MANAGER
2024-04-19 11:11:54.105 [main] INFO  - Getting table list from database oracle with schema: NUDGE_MANAGER
2024-04-19 11:11:55.058 [main] INFO  - Executing query: SELECT table_name FROM all_tables WHERE owner = 'NUDGE_MANAGER'
2024-04-19 11:11:55.059 [main] INFO  - Get 8 table from NUDGE_MANAGER schema of database oracle
2024-04-19 11:11:55.059 [main] INFO  - Getting table list from database mysql with schema: NUDGE_MANAGER
2024-04-19 11:11:55.710 [main] INFO  - Executing query: SELECT table_name FROM information_schema.tables WHERE table_schema = 'NUDGE_MANAGER'
2024-04-19 11:11:55.711 [main] INFO  - Get 0 table from NUDGE_MANAGER schema of database mysql
2024-04-19 11:11:55.711 [main] INFO  - Schema: OJVMSYS
2024-04-19 11:11:55.711 [main] INFO  - Getting table list from database oracle with schema: OJVMSYS
2024-04-19 11:11:56.736 [main] INFO  - Executing query: SELECT table_name FROM all_tables WHERE owner = 'OJVMSYS'
2024-04-19 11:11:56.737 [main] INFO  - Get 6 table from OJVMSYS schema of database oracle
2024-04-19 11:11:56.737 [main] INFO  - Getting table list from database mysql with schema: OJVMSYS
2024-04-19 11:11:57.477 [main] INFO  - Executing query: SELECT table_name FROM information_schema.tables WHERE table_schema = 'OJVMSYS'
2024-04-19 11:11:57.477 [main] INFO  - Get 0 table from OJVMSYS schema of database mysql
2024-04-19 11:11:57.477 [main] INFO  - Schema: OLAPSYS
2024-04-19 11:11:57.478 [main] INFO  - Getting table list from database oracle with schema: OLAPSYS
2024-04-19 11:11:59.521 [main] INFO  - Executing query: SELECT table_name FROM all_tables WHERE owner = 'OLAPSYS'
2024-04-19 11:11:59.521 [main] INFO  - Get 2 table from OLAPSYS schema of database oracle
2024-04-19 11:11:59.521 [main] INFO  - Getting table list from database mysql with schema: OLAPSYS
2024-04-19 11:12:00.312 [main] INFO  - Executing query: SELECT table_name FROM information_schema.tables WHERE table_schema = 'OLAPSYS'
2024-04-19 11:12:00.312 [main] INFO  - Get 0 table from OLAPSYS schema of database mysql
2024-04-19 11:12:00.312 [main] INFO  - Schema: ONBOARDING
2024-04-19 11:12:00.312 [main] INFO  - Getting table list from database oracle with schema: ONBOARDING
2024-04-19 11:12:01.317 [main] INFO  - Executing query: SELECT table_name FROM all_tables WHERE owner = 'ONBOARDING'
2024-04-19 11:12:01.318 [main] INFO  - Get 0 table from ONBOARDING schema of database oracle
2024-04-19 11:12:01.319 [main] INFO  - Getting table list from database mysql with schema: ONBOARDING
2024-04-19 11:12:02.033 [main] INFO  - Executing query: SELECT table_name FROM information_schema.tables WHERE table_schema = 'ONBOARDING'
2024-04-19 11:12:02.033 [main] INFO  - Get 0 table from ONBOARDING schema of database mysql
2024-04-19 11:12:02.034 [main] INFO  - Schema: ORACLE_OCM
2024-04-19 11:12:02.034 [main] INFO  - Getting table list from database oracle with schema: ORACLE_OCM
2024-04-19 11:12:03.018 [main] INFO  - Executing query: SELECT table_name FROM all_tables WHERE owner = 'ORACLE_OCM'
2024-04-19 11:12:03.018 [main] INFO  - Get 0 table from ORACLE_OCM schema of database oracle
2024-04-19 11:12:03.019 [main] INFO  - Getting table list from database mysql with schema: ORACLE_OCM
2024-04-19 11:12:03.778 [main] INFO  - Executing query: SELECT table_name FROM information_schema.tables WHERE table_schema = 'ORACLE_OCM'
2024-04-19 11:12:03.778 [main] INFO  - Get 0 table from ORACLE_OCM schema of database mysql
2024-04-19 11:12:03.778 [main] INFO  - Schema: ORDDATA
2024-04-19 11:12:03.778 [main] INFO  - Getting table list from database oracle with schema: ORDDATA
2024-04-19 11:12:05.566 [main] INFO  - Executing query: SELECT table_name FROM all_tables WHERE owner = 'ORDDATA'
2024-04-19 11:12:06.267 [main] INFO  - Get 90 table from ORDDATA schema of database oracle
2024-04-19 11:12:06.268 [main] INFO  - Getting table list from database mysql with schema: ORDDATA
2024-04-19 11:12:07.032 [main] INFO  - Executing query: SELECT table_name FROM information_schema.tables WHERE table_schema = 'ORDDATA'
2024-04-19 11:12:07.033 [main] INFO  - Get 0 table from ORDDATA schema of database mysql
2024-04-19 11:12:07.033 [main] INFO  - Schema: ORDPLUGINS
2024-04-19 11:12:07.033 [main] INFO  - Getting table list from database oracle with schema: ORDPLUGINS
2024-04-19 11:12:09.146 [main] INFO  - Executing query: SELECT table_name FROM all_tables WHERE owner = 'ORDPLUGINS'
2024-04-19 11:12:09.147 [main] INFO  - Get 0 table from ORDPLUGINS schema of database oracle
2024-04-19 11:12:09.147 [main] INFO  - Getting table list from database mysql with schema: ORDPLUGINS
2024-04-19 11:12:09.912 [main] INFO  - Executing query: SELECT table_name FROM information_schema.tables WHERE table_schema = 'ORDPLUGINS'
2024-04-19 11:12:09.912 [main] INFO  - Get 0 table from ORDPLUGINS schema of database mysql
2024-04-19 11:12:09.913 [main] INFO  - Schema: ORDSYS
2024-04-19 11:12:09.913 [main] INFO  - Getting table list from database oracle with schema: ORDSYS
2024-04-19 11:12:11.603 [main] INFO  - Executing query: SELECT table_name FROM all_tables WHERE owner = 'ORDSYS'
2024-04-19 11:12:11.604 [main] INFO  - Get 4 table from ORDSYS schema of database oracle
2024-04-19 11:12:11.604 [main] INFO  - Getting table list from database mysql with schema: ORDSYS
2024-04-19 11:12:12.352 [main] INFO  - Executing query: SELECT table_name FROM information_schema.tables WHERE table_schema = 'ORDSYS'
2024-04-19 11:12:12.352 [main] INFO  - Get 0 table from ORDSYS schema of database mysql
2024-04-19 11:12:12.352 [main] INFO  - Schema: OUTLN
2024-04-19 11:12:12.353 [main] INFO  - Getting table list from database oracle with schema: OUTLN
2024-04-19 11:12:13.273 [main] INFO  - Executing query: SELECT table_name FROM all_tables WHERE owner = 'OUTLN'
2024-04-19 11:12:13.273 [main] INFO  - Get 3 table from OUTLN schema of database oracle
2024-04-19 11:12:13.273 [main] INFO  - Getting table list from database mysql with schema: OUTLN
2024-04-19 11:12:13.958 [main] INFO  - Executing query: SELECT table_name FROM information_schema.tables WHERE table_schema = 'OUTLN'
2024-04-19 11:12:13.959 [main] INFO  - Get 0 table from OUTLN schema of database mysql
2024-04-19 11:12:13.959 [main] INFO  - Schema: PAYMENT_DIS
2024-04-19 11:12:13.959 [main] INFO  - Getting table list from database oracle with schema: PAYMENT_DIS
2024-04-19 11:12:15.016 [main] INFO  - Executing query: SELECT table_name FROM all_tables WHERE owner = 'PAYMENT_DIS'
2024-04-19 11:12:15.267 [main] INFO  - Get 33 table from PAYMENT_DIS schema of database oracle
2024-04-19 11:12:15.270 [main] INFO  - Getting table list from database mysql with schema: PAYMENT_DIS
2024-04-19 11:12:15.988 [main] INFO  - Executing query: SELECT table_name FROM information_schema.tables WHERE table_schema = 'PAYMENT_DIS'
2024-04-19 11:12:15.988 [main] INFO  - Get 0 table from PAYMENT_DIS schema of database mysql
2024-04-19 11:12:15.989 [main] INFO  - Schema: PAYMENT_ORDER
2024-04-19 11:12:15.989 [main] INFO  - Getting table list from database oracle with schema: PAYMENT_ORDER
2024-04-19 11:12:16.975 [main] INFO  - Executing query: SELECT table_name FROM all_tables WHERE owner = 'PAYMENT_ORDER'
2024-04-19 11:12:17.073 [main] INFO  - Get 15 table from PAYMENT_ORDER schema of database oracle
2024-04-19 11:12:17.073 [main] INFO  - Getting table list from database mysql with schema: PAYMENT_ORDER
2024-04-19 11:12:17.753 [main] INFO  - Executing query: SELECT table_name FROM information_schema.tables WHERE table_schema = 'PAYMENT_ORDER'
2024-04-19 11:12:17.754 [main] INFO  - Get 14 table from PAYMENT_ORDER schema of database mysql
2024-04-19 11:12:17.754 [main] INFO  - Schema: PRE_APPROVAL_CARD
2024-04-19 11:12:17.754 [main] INFO  - Getting table list from database oracle with schema: PRE_APPROVAL_CARD
2024-04-19 11:12:18.703 [main] INFO  - Executing query: SELECT table_name FROM all_tables WHERE owner = 'PRE_APPROVAL_CARD'
2024-04-19 11:12:18.794 [main] INFO  - Get 19 table from PRE_APPROVAL_CARD schema of database oracle
2024-04-19 11:12:18.794 [main] INFO  - Getting table list from database mysql with schema: PRE_APPROVAL_CARD
2024-04-19 11:12:19.512 [main] INFO  - Executing query: SELECT table_name FROM information_schema.tables WHERE table_schema = 'PRE_APPROVAL_CARD'
2024-04-19 11:12:19.513 [main] INFO  - Get 0 table from PRE_APPROVAL_CARD schema of database mysql
2024-04-19 11:12:19.513 [main] INFO  - Schema: PRODUCT_HOME_LOAN
2024-04-19 11:12:19.513 [main] INFO  - Getting table list from database oracle with schema: PRODUCT_HOME_LOAN
2024-04-19 11:12:20.536 [main] INFO  - Executing query: SELECT table_name FROM all_tables WHERE owner = 'PRODUCT_HOME_LOAN'
2024-04-19 11:12:20.536 [main] INFO  - Get 9 table from PRODUCT_HOME_LOAN schema of database oracle
2024-04-19 11:12:20.536 [main] INFO  - Getting table list from database mysql with schema: PRODUCT_HOME_LOAN
2024-04-19 11:12:21.234 [main] INFO  - Executing query: SELECT table_name FROM information_schema.tables WHERE table_schema = 'PRODUCT_HOME_LOAN'
2024-04-19 11:12:21.235 [main] INFO  - Get 0 table from PRODUCT_HOME_LOAN schema of database mysql
2024-04-19 11:12:21.235 [main] INFO  - Schema: REMOTE_SCHEDULER_AGENT
2024-04-19 11:12:21.235 [main] INFO  - Getting table list from database oracle with schema: REMOTE_SCHEDULER_AGENT
2024-04-19 11:12:22.198 [main] INFO  - Executing query: SELECT table_name FROM all_tables WHERE owner = 'REMOTE_SCHEDULER_AGENT'
2024-04-19 11:12:22.199 [main] INFO  - Get 0 table from REMOTE_SCHEDULER_AGENT schema of database oracle
2024-04-19 11:12:22.199 [main] INFO  - Getting table list from database mysql with schema: REMOTE_SCHEDULER_AGENT
2024-04-19 11:12:22.912 [main] INFO  - Executing query: SELECT table_name FROM information_schema.tables WHERE table_schema = 'REMOTE_SCHEDULER_AGENT'
2024-04-19 11:12:22.913 [main] INFO  - Get 0 table from REMOTE_SCHEDULER_AGENT schema of database mysql
2024-04-19 11:12:22.913 [main] INFO  - Schema: REWIND_DIS
2024-04-19 11:12:22.913 [main] INFO  - Getting table list from database oracle with schema: REWIND_DIS
2024-04-19 11:12:24.217 [main] INFO  - Executing query: SELECT table_name FROM all_tables WHERE owner = 'REWIND_DIS'
2024-04-19 11:12:24.218 [main] INFO  - Get 0 table from REWIND_DIS schema of database oracle
2024-04-19 11:12:24.218 [main] INFO  - Getting table list from database mysql with schema: REWIND_DIS
2024-04-19 11:12:24.993 [main] INFO  - Executing query: SELECT table_name FROM information_schema.tables WHERE table_schema = 'REWIND_DIS'
2024-04-19 11:12:24.994 [main] INFO  - Get 0 table from REWIND_DIS schema of database mysql
2024-04-19 11:12:24.994 [main] INFO  - Schema: SAVINGS_GOAL
2024-04-19 11:12:24.994 [main] INFO  - Getting table list from database oracle with schema: SAVINGS_GOAL
2024-04-19 11:12:25.957 [main] INFO  - Executing query: SELECT table_name FROM all_tables WHERE owner = 'SAVINGS_GOAL'
2024-04-19 11:12:25.958 [main] INFO  - Get 0 table from SAVINGS_GOAL schema of database oracle
2024-04-19 11:12:25.958 [main] INFO  - Getting table list from database mysql with schema: SAVINGS_GOAL
2024-04-19 11:12:26.632 [main] INFO  - Executing query: SELECT table_name FROM information_schema.tables WHERE table_schema = 'SAVINGS_GOAL'
2024-04-19 11:12:26.633 [main] INFO  - Get 0 table from SAVINGS_GOAL schema of database mysql
2024-04-19 11:12:26.633 [main] INFO  - Schema: SI_INFORMTN_SCHEMA
2024-04-19 11:12:26.633 [main] INFO  - Getting table list from database oracle with schema: SI_INFORMTN_SCHEMA
2024-04-19 11:12:27.599 [main] INFO  - Executing query: SELECT table_name FROM all_tables WHERE owner = 'SI_INFORMTN_SCHEMA'
2024-04-19 11:12:27.599 [main] INFO  - Get 0 table from SI_INFORMTN_SCHEMA schema of database oracle
2024-04-19 11:12:27.599 [main] INFO  - Getting table list from database mysql with schema: SI_INFORMTN_SCHEMA
2024-04-19 11:12:28.313 [main] INFO  - Executing query: SELECT table_name FROM information_schema.tables WHERE table_schema = 'SI_INFORMTN_SCHEMA'
2024-04-19 11:12:28.313 [main] INFO  - Get 0 table from SI_INFORMTN_SCHEMA schema of database mysql
2024-04-19 11:12:28.313 [main] INFO  - Schema: SRV_ROC_ACCOUNT_BUNDLE_WORKER
2024-04-19 11:12:28.313 [main] INFO  - Getting table list from database oracle with schema: SRV_ROC_ACCOUNT_BUNDLE_WORKER
2024-04-19 11:12:29.295 [main] INFO  - Executing query: SELECT table_name FROM all_tables WHERE owner = 'SRV_ROC_ACCOUNT_BUNDLE_WORKER'
2024-04-19 11:12:29.298 [main] INFO  - Get 0 table from SRV_ROC_ACCOUNT_BUNDLE_WORKER schema of database oracle
2024-04-19 11:12:29.299 [main] INFO  - Getting table list from database mysql with schema: SRV_ROC_ACCOUNT_BUNDLE_WORKER
2024-04-19 11:12:30.466 [main] INFO  - Executing query: SELECT table_name FROM information_schema.tables WHERE table_schema = 'SRV_ROC_ACCOUNT_BUNDLE_WORKER'
2024-04-19 11:12:30.466 [main] INFO  - Get 0 table from SRV_ROC_ACCOUNT_BUNDLE_WORKER schema of database mysql
2024-04-19 11:12:30.466 [main] INFO  - Schema: SRV_ROC_BANCA_DIS
2024-04-19 11:12:30.466 [main] INFO  - Getting table list from database oracle with schema: SRV_ROC_BANCA_DIS
2024-04-19 11:12:32.289 [main] INFO  - Executing query: SELECT table_name FROM all_tables WHERE owner = 'SRV_ROC_BANCA_DIS'
2024-04-19 11:12:32.290 [main] INFO  - Get 0 table from SRV_ROC_BANCA_DIS schema of database oracle
2024-04-19 11:12:32.290 [main] INFO  - Getting table list from database mysql with schema: SRV_ROC_BANCA_DIS
2024-04-19 11:12:34.690 [main] INFO  - Application started
2024-04-19 11:12:34.692 [main] INFO  - Start reading properties file: application.properties
2024-04-19 11:12:34.692 [main] INFO  - Current path: /Users/nguyennd/Project/Java/datadiff
2024-04-19 11:12:34.692 [main] INFO  - Properties file read successfully
2024-04-19 11:12:34.696 [main] INFO  - Properties: {destination_type=mysql, source_connection_string=jdbc:oracle:thin:@//10.10.12.21:1521/t24core, destination_password=oracle_4U, source_username=ggadmin, source_type=oracle, destination_connection_string=jdbc:mysql://10.10.12.238:3306, source_password=oracle_4U, destination_username=dbadmin}
2024-04-19 11:12:34.696 [main] INFO  - Found query to get all schema is null from properties file. Using default query: select username as schema_name from sys.all_users order by username
2024-04-19 11:13:04.820 [main] INFO  - Checking file exist: /Users/nguyennd/Project/Java/datadiff/schemas.txt
2024-04-19 11:13:04.823 [main] INFO  - File exist at the path: /Users/nguyennd/Project/Java/datadiff/schemas.txt
2024-04-19 11:13:04.823 [main] INFO  - schemas.txt file already exists, stop query the schema from database
2024-04-19 11:13:04.825 [main] INFO  - Schema: ACCESSCONTROL_PANDP
2024-04-19 11:13:04.826 [main] INFO  - Getting table list from database oracle with schema: ACCESSCONTROL_PANDP
